{
  "RSpec": {
    "coverage": {
      "/home/infinito/Practicas/Rails/Body-Mass-Index-Challenge/spec/controllers/consult_controller_spec.rb": [
        1,
        1,
        1,
        1,
        1,
        1,
        1,
        0,
        null,
        null,
        null
      ],
      "/home/infinito/Practicas/Rails/Body-Mass-Index-Challenge/spec/rails_helper.rb": [
        null,
        1,
        1,
        null,
        1,
        1,
        1,
        1,
        1,
        1,
        1,
        1,
        1,
        1,
        null,
        null,
        null,
        null,
        null,
        null,
        null,
        null,
        null,
        null,
        null,
        null,
        null,
        null,
        null,
        7,
        null,
        null,
        null,
        1,
        1,
        null,
        1,
        null,
        null,
        null,
        null,
        1,
        1,
        1,
        1,
        1,
        1,
        null,
        1,
        1,
        1,
        null,
        null,
        1,
        11,
        null,
        null,
        1,
        0,
        null,
        null,
        1,
        11,
        null,
        null,
        1,
        11,
        null,
        null,
        1,
        null,
        null,
        null,
        null,
        null,
        null,
        null,
        null,
        null,
        null,
        null,
        null,
        1,
        null,
        null,
        1,
        null,
        null,
        null
      ],
      "/home/infinito/Practicas/Rails/Body-Mass-Index-Challenge/config/environment.rb": [
        null,
        1,
        null,
        null,
        1
      ],
      "/home/infinito/Practicas/Rails/Body-Mass-Index-Challenge/config/application.rb": [
        1,
        null,
        1,
        null,
        null,
        null,
        1,
        null,
        1,
        1,
        null,
        1,
        null,
        null,
        null,
        null,
        null,
        null
      ],
      "/home/infinito/Practicas/Rails/Body-Mass-Index-Challenge/config/boot.rb": [
        1,
        null,
        1
      ],
      "/home/infinito/Practicas/Rails/Body-Mass-Index-Challenge/config/environments/test.rb": [
        1,
        null,
        null,
        null,
        null,
        null,
        null,
        1,
        null,
        null,
        null,
        null,
        1,
        null,
        null,
        1,
        1,
        null,
        null,
        null,
        null,
        1,
        1,
        null,
        null,
        1,
        null,
        null,
        1,
        1,
        null,
        null,
        null,
        null,
        1,
        null,
        null,
        1,
        null,
        null,
        null,
        null
      ],
      "/home/infinito/Practicas/Rails/Body-Mass-Index-Challenge/config/initializers/application_controller_renderer.rb": [
        null,
        null,
        null,
        null,
        null,
        null
      ],
      "/home/infinito/Practicas/Rails/Body-Mass-Index-Challenge/config/initializers/assets.rb": [
        null,
        null,
        null,
        1,
        null,
        null,
        null,
        null,
        1,
        null,
        null,
        null,
        null,
        null
      ],
      "/home/infinito/Practicas/Rails/Body-Mass-Index-Challenge/config/initializers/backtrace_silencers.rb": [
        null,
        null,
        null,
        null,
        null,
        null,
        null
      ],
      "/home/infinito/Practicas/Rails/Body-Mass-Index-Challenge/config/initializers/cookies_serializer.rb": [
        null,
        null,
        null,
        null,
        1
      ],
      "/home/infinito/Practicas/Rails/Body-Mass-Index-Challenge/config/initializers/devise.rb": [
        null,
        null,
        1,
        null,
        null,
        null,
        null,
        null,
        null,
        null,
        null,
        null,
        null,
        null,
        1,
        null,
        null,
        null,
        null,
        null,
        null,
        null,
        null,
        null,
        null,
        null,
        1,
        null,
        null,
        null,
        null,
        null,
        null,
        null,
        null,
        null,
        null,
        null,
        null,
        null,
        null,
        null,
        null,
        null,
        null,
        null,
        null,
        null,
        1,
        null,
        null,
        null,
        null,
        1,
        null,
        null,
        null,
        null,
        null,
        null,
        null,
        null,
        null,
        null,
        null,
        null,
        null,
        null,
        null,
        null,
        null,
        null,
        null,
        null,
        null,
        null,
        null,
        null,
        null,
        null,
        null,
        null,
        null,
        null,
        1,
        null,
        null,
        null,
        null,
        null,
        null,
        null,
        null,
        null,
        null,
        null,
        null,
        null,
        null,
        null,
        null,
        null,
        null,
        null,
        null,
        null,
        null,
        1,
        null,
        null,
        null,
        null,
        null,
        null,
        null,
        null,
        null,
        null,
        null,
        null,
        null,
        null,
        null,
        null,
        null,
        null,
        null,
        null,
        null,
        null,
        null,
        null,
        null,
        null,
        null,
        null,
        null,
        null,
        1,
        null,
        null,
        null,
        null,
        null,
        null,
        null,
        null,
        null,
        1,
        null,
        null,
        null,
        null,
        null,
        null,
        null,
        null,
        null,
        null,
        1,
        null,
        null,
        null,
        null,
        1,
        null,
        null,
        null,
        null,
        null,
        null,
        null,
        null,
        null,
        null,
        null,
        null,
        null,
        null,
        null,
        null,
        null,
        null,
        null,
        null,
        null,
        null,
        null,
        null,
        null,
        null,
        null,
        null,
        null,
        null,
        null,
        null,
        null,
        null,
        null,
        null,
        null,
        null,
        null,
        null,
        1,
        null,
        null,
        null,
        null,
        null,
        null,
        null,
        null,
        null,
        null,
        null,
        null,
        null,
        null,
        null,
        null,
        null,
        null,
        null,
        null,
        null,
        null,
        null,
        null,
        null,
        null,
        null,
        null,
        null,
        null,
        null,
        null,
        null,
        null,
        null,
        null,
        null,
        null,
        null,
        null,
        null,
        1,
        null,
        null,
        null,
        null,
        null,
        null,
        null,
        null,
        null,
        null,
        null,
        null,
        null,
        null,
        null,
        null,
        null,
        null,
        null,
        null,
        null,
        null,
        null,
        null,
        null,
        null,
        null,
        null,
        null
      ],
      "/home/infinito/Practicas/Rails/Body-Mass-Index-Challenge/config/initializers/filter_parameter_logging.rb": [
        null,
        null,
        null,
        1
      ],
      "/home/infinito/Practicas/Rails/Body-Mass-Index-Challenge/config/initializers/inflections.rb": [
        null,
        null,
        null,
        null,
        null,
        null,
        null,
        null,
        null,
        null,
        null,
        null,
        null,
        null,
        null,
        null
      ],
      "/home/infinito/Practicas/Rails/Body-Mass-Index-Challenge/config/initializers/mime_types.rb": [
        null,
        null,
        null,
        null
      ],
      "/home/infinito/Practicas/Rails/Body-Mass-Index-Challenge/config/initializers/simple_form.rb": [
        null,
        1,
        null,
        null,
        null,
        null,
        null,
        1,
        null,
        null,
        null,
        null,
        null,
        null,
        null,
        null,
        null,
        1,
        null,
        null,
        null,
        1,
        null,
        null,
        null,
        null,
        null,
        null,
        null,
        null,
        null,
        1,
        null,
        null,
        1,
        null,
        null,
        1,
        null,
        null,
        1,
        null,
        null,
        1,
        null,
        null,
        1,
        1,
        1,
        null,
        null,
        null,
        null,
        null,
        null,
        null,
        null,
        null,
        1,
        null,
        null,
        null,
        null,
        null,
        1,
        null,
        null,
        1,
        null,
        null,
        null,
        null,
        null,
        null,
        null,
        1,
        null,
        null,
        1,
        null,
        null,
        null,
        null,
        null,
        null,
        null,
        null,
        null,
        null,
        null,
        null,
        null,
        null,
        null,
        null,
        null,
        null,
        null,
        null,
        null,
        null,
        null,
        null,
        null,
        null,
        null,
        null,
        null,
        null,
        null,
        null,
        null,
        null,
        null,
        null,
        null,
        null,
        null,
        null,
        null,
        null,
        null,
        null,
        1,
        null,
        null,
        null,
        null,
        null,
        null,
        null,
        null,
        null,
        null,
        null,
        null,
        null,
        null,
        null,
        null,
        null,
        null,
        null,
        null,
        null,
        null,
        null,
        null,
        null,
        null,
        null,
        null,
        null,
        null,
        null,
        null,
        null,
        null,
        null,
        null,
        1,
        null,
        null,
        null,
        null,
        null,
        null,
        null,
        null
      ],
      "/home/infinito/Practicas/Rails/Body-Mass-Index-Challenge/config/initializers/wrap_parameters.rb": [
        null,
        null,
        null,
        null,
        null,
        null,
        1,
        2,
        null,
        null,
        null,
        null,
        null,
        null
      ],
      "/home/infinito/Practicas/Rails/Body-Mass-Index-Challenge/spec/factories/consults.rb": [
        1,
        1,
        1,
        1,
        null,
        null
      ],
      "/home/infinito/Practicas/Rails/Body-Mass-Index-Challenge/spec/factories/users.rb": [
        1,
        1,
        5,
        5,
        1,
        null,
        null
      ],
      "/home/infinito/Practicas/Rails/Body-Mass-Index-Challenge/config/routes.rb": [
        1,
        1,
        1,
        1,
        1,
        null
      ],
      "/home/infinito/Practicas/Rails/Body-Mass-Index-Challenge/app/models/user.rb": [
        1,
        null,
        null,
        1,
        1,
        1,
        null,
        null
      ],
      "/home/infinito/Practicas/Rails/Body-Mass-Index-Challenge/app/models/application_record.rb": [
        1,
        1,
        null
      ],
      "/home/infinito/Practicas/Rails/Body-Mass-Index-Challenge/app/helpers/application_helper.rb": [
        1,
        null
      ],
      "/home/infinito/Practicas/Rails/Body-Mass-Index-Challenge/app/helpers/consults_helper.rb": [
        1,
        1,
        3,
        null,
        null,
        1,
        1,
        1,
        1,
        null,
        null,
        1,
        1,
        0,
        1,
        1,
        0,
        0,
        0,
        0,
        0,
        0,
        0,
        0,
        null,
        null,
        null,
        null
      ],
      "/home/infinito/Practicas/Rails/Body-Mass-Index-Challenge/spec/support/database_cleaner.rb": [
        null,
        null,
        null,
        null,
        null,
        null,
        null,
        null,
        null,
        null,
        null,
        null,
        null,
        null,
        null,
        null,
        null,
        null,
        null,
        null,
        null,
        null
      ],
      "/home/infinito/Practicas/Rails/Body-Mass-Index-Challenge/spec/support/factory_girl.rb": [
        1,
        1,
        null
      ],
      "/home/infinito/Practicas/Rails/Body-Mass-Index-Challenge/spec/support/user_helper.rb": [
        1,
        1,
        2,
        2,
        2,
        2,
        2,
        null,
        1,
        0,
        null,
        null,
        null
      ],
      "/home/infinito/Practicas/Rails/Body-Mass-Index-Challenge/spec/support/devise.rb": [
        null,
        null,
        null
      ],
      "/home/infinito/Practicas/Rails/Body-Mass-Index-Challenge/spec/support/user_controller_helper.rb": [
        1,
        null,
        null,
        null,
        null,
        null,
        1,
        1,
        1,
        null,
        null
      ],
      "/home/infinito/Practicas/Rails/Body-Mass-Index-Challenge/spec/support/consult_helper.rb": [
        1,
        1,
        1,
        1,
        1,
        null,
        1,
        3,
        null,
        null,
        null
      ],
      "/home/infinito/Practicas/Rails/Body-Mass-Index-Challenge/spec/controllers/users_controller_spec.rb": [
        1,
        null,
        1,
        1,
        1,
        1,
        1,
        1,
        null,
        null,
        null
      ],
      "/home/infinito/Practicas/Rails/Body-Mass-Index-Challenge/spec/features/consults/create_spec.rb": [
        1,
        null,
        1,
        1,
        1,
        1,
        1,
        null,
        null
      ],
      "/home/infinito/Practicas/Rails/Body-Mass-Index-Challenge/spec/features/users/create_spec.rb": [
        1,
        null,
        1,
        1,
        1,
        1,
        null,
        null
      ],
      "/home/infinito/Practicas/Rails/Body-Mass-Index-Challenge/spec/models/consult_spec.rb": [
        1,
        null,
        1,
        2,
        2,
        2,
        null
      ],
      "/home/infinito/Practicas/Rails/Body-Mass-Index-Challenge/app/models/consult.rb": [
        1,
        1,
        1,
        null
      ],
      "/home/infinito/Practicas/Rails/Body-Mass-Index-Challenge/spec/models/user_spec.rb": [
        1,
        null,
        1,
        2,
        2,
        2,
        2,
        null
      ],
      "/home/infinito/Practicas/Rails/Body-Mass-Index-Challenge/app/controllers/application_controller.rb": [
        1,
        1,
        1,
        1,
        null,
        1,
        null,
        1,
        null,
        1,
        4,
        4,
        4,
        null,
        null,
        null
      ],
      "/home/infinito/Practicas/Rails/Body-Mass-Index-Challenge/app/controllers/consults_controller.rb": [
        1,
        1,
        null,
        1,
        1,
        3,
        3,
        null,
        null,
        1,
        0,
        null,
        null,
        1,
        0,
        null,
        null,
        1,
        1,
        1,
        1,
        1,
        1,
        null,
        0,
        null,
        null,
        1,
        0,
        0,
        0,
        null,
        null,
        1,
        0,
        null,
        null,
        1,
        0,
        0,
        0,
        null,
        null,
        null,
        null
      ]
    },
    "timestamp": 1490986186
  }
}
